Engine-Match Sunday, October 15, 2023 5:09:05 PM
 Tournament Game in 5 Minutes 

Pairing 1/1 :    Sicksterhop_Test_STD_Sort  -  SicksterHop

PGN-File: E:\AMADO\Chess\Programs\arena_3.5.1\Arena.pgn

No:  B/W 1/2     W:B       1:2           Time        Value Moves Dep 1:2       1-2-Draws

--------------------------------------------------------------

Engine-Match Sunday, October 15, 2023 5:20:46 PM
 Tournament Game in 5 Minutes 

Pairing 1/1 :    SicksterHop  -  Sicksterhop_Test_Quick_Sort

PGN-File: E:\AMADO\Chess\Programs\arena_3.5.1\Arena.pgn

No:  B/W 1/2     W:B       1:2           Time        Value Moves Dep 1:2       1-2-Draws

--------------------------------------------------------------

Engine-Match Monday, October 16, 2023 3:43:26 PM
 Tournament Game in 5 Minutes 

Pairing 1/1 :    SicksterHop  -  Sicksterhop_Test

PGN-File: E:\AMADO\Chess\Programs\arena_3.5.1\Arena.pgn

No:  B/W 1/2     W:B       1:2           Time        Value Moves Dep 1:2       1-2-Draws

--------------------------------------------------------------

Engine-Match Monday, October 16, 2023 5:30:56 PM
 Blitz 2/1 

Pairing 1/1 :    Sicksterhop_Test  -  SicksterHop

PGN-File: E:\AMADO\Chess\Programs\arena_3.5.1\Arena.pgn

No:  B/W 1/2     W:B       1:2           Time        Value Moves Dep 1:2       1-2-Draws

--------------------------------------------------------------

Engine-Match Monday, October 16, 2023 5:49:59 PM
 Blitz 2/1 

Pairing 1/1 :    Sicksterhop_Test  -  SicksterHop

PGN-File: E:\AMADO\Chess\Programs\arena_3.5.1\Arena.pgn

No:  B/W 1/2     W:B       1:2           Time        Value Moves Dep 1:2       1-2-Draws

--------------------------------------------------------------

Engine-Match Monday, October 16, 2023 5:51:07 PM
 Blitz 2/1 

Pairing 1/1 :    Sicksterhop_Test  -  SicksterHop

PGN-File: E:\AMADO\Chess\Programs\arena_3.5.1\Arena.pgn

No:  B/W 1/2     W:B       1:2           Time        Value Moves Dep 1:2       1-2-Draws

--------------------------------------------------------------

Engine-Match Monday, October 16, 2023 5:52:14 PM
 Blitz 2/1 

Pairing 1/1 :    Sicksterhop_Test  -  SicksterHop

PGN-File: E:\AMADO\Chess\Programs\arena_3.5.1\Arena.pgn

No:  B/W 1/2     W:B       1:2           Time        Value Moves Dep 1:2       1-2-Draws

--------------------------------------------------------------

Engine-Match Monday, October 16, 2023 5:54:12 PM
 Blitz 2/1 

Pairing 1/1 :    Sicksterhop_Test  -  SicksterHop

PGN-File: E:\AMADO\Chess\Programs\arena_3.5.1\Arena.pgn

No:  B/W 1/2     W:B       1:2           Time        Value Moves Dep 1:2       1-2-Draws

--------------------------------------------------------------

Engine-Match Tuesday, October 17, 2023 1:37:41 AM
 Blitz 3/0 

Pairing 1/1 :    SicksterHop  -  Sicksterhop_Test

PGN-File: E:\AMADO\Chess\Programs\arena_3.5.1\Arena.pgn

No:  B/W 1/2     W:B       1:2           Time        Value Moves Dep 1:2       1-2-Draws

--------------------------------------------------------------

Engine-Match Tuesday, October 17, 2023 1:39:32 AM
 Blitz 3/0 

Pairing 1/1 :    SicksterHop  -  Sicksterhop_Test

PGN-File: E:\AMADO\Chess\Programs\arena_3.5.1\Arena.pgn

No:  B/W 1/2     W:B       1:2           Time        Value Moves Dep 1:2       1-2-Draws
